<?xml version="1.0" encoding="UTF-8"?>
<!-- Generated by org.testng.reporters.JUnitReportReporter -->
<testsuite hostname="DESKTOP-DIFNOV4" failures="0" tests="1" name="day11_test_NG.Google_Search_testNG" time="18.047" errors="0" timestamp="2020-05-17T12:56:39 EDT" skipped="0">
  <testcase classname="day11_test_NG.Google_Search_testNG" name="GoogleSearch" time="18.047"/>
  <system-out>
Entering a value on element Search Field Entering a value on element Google Search Button Entering a value on element Search Result Entering a value on element Search Field Entering a value on element Google Search Button Entering a value on element Search Result  </system-out>
</testsuite> <!-- day11_test_NG.Google_Search_testNG -->
